<?xml version="1.0" encoding="UTF-8"?>
<!--

    Copyright (c) 2020 Oracle and/or its affiliates. All rights reserved.

    This program and the accompanying materials are made available under the
    terms of the Eclipse Distribution License v. 1.0, which is available at
    http://www.eclipse.org/org/documents/edl-v10.php.

    SPDX-License-Identifier: BSD-3-Clause

-->

<descriptor since="2.1.1" uses="ri">
  <description>This is a Address test</description>
  <client href ="test.bsh" />
  <service basedir="./server">
    <wsdl href="address.wsdl"/>
  </service>
</descriptor>

